#
# There is insufficient memory for the Java Runtime Environment to continue.
# Native memory allocation (mmap) failed to map 134217728 bytes for G1 virtual space
# Possible reasons:
#   The system is out of physical RAM or swap space
#   The process is running with CompressedOops enabled, and the Java Heap may be blocking the growth of the native heap
# Possible solutions:
#   Reduce memory load on the system
#   Increase physical memory or swap space
#   Check if swap backing store is full
#   Decrease Java heap size (-Xmx/-Xms)
#   Decrease number of Java threads
#   Decrease Java thread stack sizes (-Xss)
#   Set larger code cache with -XX:ReservedCodeCacheSize=
#   JVM is running with Unscaled Compressed Oops mode in which the Java heap is
#     placed in the first 4GB address space. The Java Heap base address is the
#     maximum limit for the native heap growth. Please use -XX:HeapBaseMinAddress
#     to set the Java Heap base and to place the Java Heap above 4GB virtual address.
# This output file may be truncated or incomplete.
#
#  Out of Memory Error (os_windows.cpp:3536), pid=452, tid=18424
#
# JRE version:  (19.0.2+7) (build )
# Java VM: Java HotSpot(TM) 64-Bit Server VM (19.0.2+7-44, mixed mode, sharing, tiered, compressed oops, compressed class ptrs, g1 gc, windows-amd64)
# No core dump will be written. Minidumps are not enabled by default on client versions of Windows
#

---------------  S U M M A R Y ------------

Command Line: com.mycompany.client_gomoku.Client_Gomoku

Host: Intel(R) Core(TM) i5-5200U CPU @ 2.20GHz, 4 cores, 7G,  Windows 10 , 64 bit Build 18362 (10.0.18362.1500)
Time: Sun Jun  4 22:44:04 2023 Arab Standard Time elapsed time: 0.024935 seconds (0d 0h 0m 0s)

---------------  T H R E A D  ---------------

Current thread (0x0000018bac74dcc0):  JavaThread "Unknown thread" [_thread_in_vm, id=18424, stack(0x0000000c84200000,0x0000000c84300000)]

Stack: [0x0000000c84200000,0x0000000c84300000]
Native frames: (J=compiled Java code, j=interpreted, Vv=VM code, C=native code)
V  [jvm.dll+0x6ee21a]
V  [jvm.dll+0x85765e]
V  [jvm.dll+0x85904e]
V  [jvm.dll+0x859703]
V  [jvm.dll+0x28298f]
V  [jvm.dll+0x6eb009]
V  [jvm.dll+0x6dfbaa]
V  [jvm.dll+0x3573f6]
V  [jvm.dll+0x35ee56]
V  [jvm.dll+0x3b541e]
V  [jvm.dll+0x3b564f]
V  [jvm.dll+0x32c9ea]
V  [jvm.dll+0x32d89e]
V  [jvm.dll+0x821780]
V  [jvm.dll+0x3c2661]
V  [jvm.dll+0x801f51]
V  [jvm.dll+0x44ae8f]
V  [jvm.dll+0x44c811]
C  [jli.dll+0x5287]
C  [ucrtbase.dll+0x210b2]
C  [KERNEL32.DLL+0x17c24]
C  [ntdll.dll+0x6d721]


---------------  P R O C E S S  ---------------

Threads class SMR info:
_java_thread_list=0x00007ffb11f3d048, length=0, elements={
}

Java Threads: ( => current thread )

Other Threads:
  0x0000018bac7ac0b0 WorkerThread "GC Thread#0" [stack: 0x0000000c84300000,0x0000000c84400000] [id=15588]
  0x0000018bac7bd310 ConcurrentGCThread "G1 Main Marker" [stack: 0x0000000c84400000,0x0000000c84500000] [id=5844]
  0x0000018bac7be3f0 WorkerThread "G1 Conc#0" [stack: 0x0000000c84500000,0x0000000c84600000] [id=15584]

[error occurred during error reporting (printing all threads), id 0xc0000005, EXCEPTION_ACCESS_VIOLATION (0xc0000005) at pc=0x00007ffb116fd427]

VM state: not at safepoint (not fully initialized)

VM Mutex/Monitor currently owned by a thread:  ([mutex/lock_event])
[0x0000018bac7496b0] Heap_lock - owner thread: 0x0000018bac74dcc0

Heap address: 0x0000000081e00000, size: 2018 MB, Compressed Oops mode: 32-bit

CDS archive(s) mapped at: [0x0000000000000000-0x0000000000000000-0x0000000000000000), size 0, SharedBaseAddress: 0x0000000800000000, ArchiveRelocationMode: 0.
Narrow klass base: 0x0000000000000000, Narrow klass shift: 0, Narrow klass range: 0x0

GC Precious Log:
 CardTable entry size: 512
 Card Set container configuration: InlinePtr #cards 5 size 8 Array Of Cards #cards 12 size 40 Howl #buckets 4 coarsen threshold 1843 Howl Bitmap #cards 512 size 80 coarsen threshold 460 Card regions per heap region 1 cards per card region 2048

Heap:
 garbage-first heap   total 0K, used 0K [0x0000000081e00000, 0x0000000100000000)
  region size 1024K, 0 young (0K), 0 survivors (0K)

[error occurred during error reporting (printing heap information), id 0xc0000005, EXCEPTION_ACCESS_VIOLATION (0xc0000005) at pc=0x00007ffb11b06649]

GC Heap History (0 events):
No events

Dll operation events (1 events):
Event: 0.013 Loaded shared library C:\Program Files\Java\jdk-19\bin\java.dll

Deoptimization events (0 events):
No events

Classes loaded (0 events):
No events

Classes unloaded (0 events):
No events

Classes redefined (0 events):
No events

Internal exceptions (0 events):
No events

VM Operations (0 events):
No events

Events (0 events):
No events


Dynamic libraries:
0x00007ff681150000 - 0x00007ff681160000 	C:\Program Files\Java\jdk-19\bin\java.exe
0x00007ffb8d5a0000 - 0x00007ffb8d790000 	C:\WINDOWS\SYSTEM32\ntdll.dll
0x00007ffb8c810000 - 0x00007ffb8c8c2000 	C:\WINDOWS\System32\KERNEL32.DLL
0x00007ffb8b020000 - 0x00007ffb8b2c5000 	C:\WINDOWS\System32\KERNELBASE.dll
0x00007ffb8ac90000 - 0x00007ffb8ad8a000 	C:\WINDOWS\System32\ucrtbase.dll
0x00007ffb84830000 - 0x00007ffb84848000 	C:\Program Files\Java\jdk-19\bin\jli.dll
0x00007ffb6caa0000 - 0x00007ffb6cabb000 	C:\Program Files\Java\jdk-19\bin\VCRUNTIME140.dll
0x00007ffb8be70000 - 0x00007ffb8bf13000 	C:\WINDOWS\System32\ADVAPI32.dll
0x00007ffb8b6b0000 - 0x00007ffb8b74e000 	C:\WINDOWS\System32\msvcrt.dll
0x00007ffb8bc40000 - 0x00007ffb8bcd7000 	C:\WINDOWS\System32\sechost.dll
0x00007ffb8d440000 - 0x00007ffb8d55f000 	C:\WINDOWS\System32\RPCRT4.dll
0x00007ffb8d130000 - 0x00007ffb8d2c4000 	C:\WINDOWS\System32\USER32.dll
0x00007ffb8afc0000 - 0x00007ffb8afe1000 	C:\WINDOWS\System32\win32u.dll
0x00007ffb71d30000 - 0x00007ffb71fb4000 	C:\WINDOWS\WinSxS\amd64_microsoft.windows.common-controls_6595b64144ccf1df_6.0.18362.1556_none_9e7e372fe45e41d5\COMCTL32.dll
0x00007ffb8b650000 - 0x00007ffb8b676000 	C:\WINDOWS\System32\GDI32.dll
0x00007ffb8b900000 - 0x00007ffb8bc36000 	C:\WINDOWS\System32\combase.dll
0x00007ffb8b450000 - 0x00007ffb8b5e8000 	C:\WINDOWS\System32\gdi32full.dll
0x00007ffb8af30000 - 0x00007ffb8afb1000 	C:\WINDOWS\System32\bcryptPrimitives.dll
0x00007ffb8ad90000 - 0x00007ffb8ae2e000 	C:\WINDOWS\System32\msvcp_win.dll
0x00007ffb82330000 - 0x00007ffb8233a000 	C:\WINDOWS\SYSTEM32\VERSION.dll
0x00007ffb8b680000 - 0x00007ffb8b6ae000 	C:\WINDOWS\System32\IMM32.DLL
0x00007ffb86290000 - 0x00007ffb8629c000 	C:\Program Files\Java\jdk-19\bin\vcruntime140_1.dll
0x00007ffb4af50000 - 0x00007ffb4afde000 	C:\Program Files\Java\jdk-19\bin\msvcp140.dll
0x00007ffb113c0000 - 0x00007ffb12080000 	C:\Program Files\Java\jdk-19\bin\server\jvm.dll
0x00007ffb87ad0000 - 0x00007ffb87af4000 	C:\WINDOWS\SYSTEM32\WINMM.dll
0x00007ffb66060000 - 0x00007ffb66069000 	C:\WINDOWS\SYSTEM32\WSOCK32.dll
0x00007ffb8c780000 - 0x00007ffb8c7ef000 	C:\WINDOWS\System32\WS2_32.dll
0x00007ffb87aa0000 - 0x00007ffb87acd000 	C:\WINDOWS\SYSTEM32\winmmbase.dll
0x00007ffb8ae30000 - 0x00007ffb8ae7a000 	C:\WINDOWS\System32\cfgmgr32.dll
0x00007ffb8a4f0000 - 0x00007ffb8a501000 	C:\WINDOWS\System32\kernel.appcore.dll
0x00007ffb6d4a0000 - 0x00007ffb6d4aa000 	C:\Program Files\Java\jdk-19\bin\jimage.dll
0x00007ffb7f750000 - 0x00007ffb7f944000 	C:\WINDOWS\SYSTEM32\DBGHELP.DLL
0x00007ffb71360000 - 0x00007ffb7138a000 	C:\WINDOWS\SYSTEM32\dbgcore.DLL
0x00007ffb65a60000 - 0x00007ffb65a86000 	C:\Program Files\Java\jdk-19\bin\java.dll

dbghelp: loaded successfully - version: 4.0.5 - missing functions: none
symbol engine: initialized successfully - sym options: 0x614 - pdb path: .;C:\Program Files\Java\jdk-19\bin;C:\WINDOWS\SYSTEM32;C:\WINDOWS\WinSxS\amd64_microsoft.windows.common-controls_6595b64144ccf1df_6.0.18362.1556_none_9e7e372fe45e41d5;C:\Program Files\Java\jdk-19\bin\server

VM Arguments:
java_command: com.mycompany.client_gomoku.Client_Gomoku
java_class_path (initial): C:\Users\37362\Documents\NetBeansProjects\Client_Gomoku\target\classes
Launcher Type: SUN_STANDARD

[Global flags]
     intx CICompilerCount                          = 3                                         {product} {ergonomic}
     uint ConcGCThreads                            = 1                                         {product} {ergonomic}
     uint G1ConcRefinementThreads                  = 4                                         {product} {ergonomic}
   size_t G1HeapRegionSize                         = 1048576                                   {product} {ergonomic}
    uintx GCDrainStackTargetSize                   = 64                                        {product} {ergonomic}
   size_t InitialHeapSize                          = 134217728                                 {product} {ergonomic}
   size_t MarkStackSize                            = 4194304                                   {product} {ergonomic}
   size_t MaxHeapSize                              = 2116026368                                {product} {ergonomic}
   size_t MinHeapDeltaBytes                        = 1048576                                   {product} {ergonomic}
   size_t MinHeapSize                              = 8388608                                   {product} {ergonomic}
    uintx NonNMethodCodeHeapSize                   = 5832780                                {pd product} {ergonomic}
    uintx NonProfiledCodeHeapSize                  = 122912730                              {pd product} {ergonomic}
    uintx ProfiledCodeHeapSize                     = 122912730                              {pd product} {ergonomic}
    uintx ReservedCodeCacheSize                    = 251658240                              {pd product} {ergonomic}
     bool SegmentedCodeCache                       = true                                      {product} {ergonomic}
   size_t SoftMaxHeapSize                          = 2116026368                             {manageable} {ergonomic}
     bool UseCompressedClassPointers               = true                           {product lp64_product} {ergonomic}
     bool UseCompressedOops                        = true                           {product lp64_product} {ergonomic}
     bool UseG1GC                                  = true                                      {product} {ergonomic}
     bool UseLargePagesIndividualAllocation        = false                                  {pd product} {ergonomic}

Logging:
Log output configuration:
 #0: stdout all=warning uptime,level,tags foldmultilines=false
 #1: stderr all=off uptime,level,tags foldmultilines=false

Environment Variables:
JAVA_HOME=C:\Program Files\Java\jdk-19
PATH=C:\Program Files\Common Files\Oracle\Java\javapath;C:\oraclexe\app\oracle\product\11.2.0\server\bin;C:\WINDOWS\system32;C:\WINDOWS;C:\WINDOWS\System32\Wbem;C:\WINDOWS\System32\WindowsPowerShell\v1.0\;C:\WINDOWS\System32\OpenSSH\;C:\Program Files\PuTTY\;C:\Program Files\Git\cmd;C:\Users\37362\AppData\Local\Programs\Python\Python311\Scripts\;C:\Users\37362\AppData\Local\Programs\Python\Python311\;C:\Users\37362\AppData\Local\Microsoft\WindowsApps;C:\MinGW\bin;C:\Users\37362\AppData\Local\Programs\Microsoft VS Code\bin;C:\ghcup\bin
USERNAME=37362
OS=Windows_NT
PROCESSOR_IDENTIFIER=Intel64 Family 6 Model 61 Stepping 4, GenuineIntel
TMP=C:\Users\37362\AppData\Local\Temp
TEMP=C:\Users\37362\AppData\Local\Temp



---------------  S Y S T E M  ---------------

OS:
 Windows 10 , 64 bit Build 18362 (10.0.18362.1500)
OS uptime: 5 days 12:09 hours

CPU: total 4 (initial active 4) (2 cores per cpu, 2 threads per core) family 6 model 61 stepping 4 microcode 0x2f, cx8, cmov, fxsr, ht, mmx, 3dnowpref, sse, sse2, sse3, ssse3, sse4.1, sse4.2, popcnt, lzcnt, tsc, tscinvbit, avx, avx2, aes, erms, clmul, bmi1, bmi2, adx, fma, vzeroupper, clflush, rdtscp

Memory: 4k page, system-wide physical 8071M (1665M free)
TotalPageFile size 19354M (AvailPageFile size 59M)
current process WorkingSet (physical memory assigned to process): 10M, peak: 10M
current process commit charge ("private bytes"): 52M, peak: 180M

vm_info: Java HotSpot(TM) 64-Bit Server VM (19.0.2+7-44) for windows-amd64 JRE (19.0.2+7-44), built on 2022-11-30T18:02:09Z by "mach5one" with MS VC++ 17.1 (VS2022)

END.
