#
# There is insufficient memory for the Java Runtime Environment to continue.
# Native memory allocation (malloc) failed to allocate 32744 bytes for Chunk::new
# Possible reasons:
#   The system is out of physical RAM or swap space
#   The process is running with CompressedOops enabled, and the Java Heap may be blocking the growth of the native heap
# Possible solutions:
#   Reduce memory load on the system
#   Increase physical memory or swap space
#   Check if swap backing store is full
#   Decrease Java heap size (-Xmx/-Xms)
#   Decrease number of Java threads
#   Decrease Java thread stack sizes (-Xss)
#   Set larger code cache with -XX:ReservedCodeCacheSize=
#   JVM is running with Unscaled Compressed Oops mode in which the Java heap is
#     placed in the first 4GB address space. The Java Heap base address is the
#     maximum limit for the native heap growth. Please use -XX:HeapBaseMinAddress
#     to set the Java Heap base and to place the Java Heap above 4GB virtual address.
# This output file may be truncated or incomplete.
#
#  Out of Memory Error (arena.cpp:184), pid=18980, tid=6312
#
# JRE version: Java(TM) SE Runtime Environment (19.0.2+7) (build 19.0.2+7-44)
# Java VM: Java HotSpot(TM) 64-Bit Server VM (19.0.2+7-44, mixed mode, sharing, tiered, compressed oops, compressed class ptrs, g1 gc, windows-amd64)
# No core dump will be written. Minidumps are not enabled by default on client versions of Windows
#

---------------  S U M M A R Y ------------

Command Line: -Dclassworlds.conf=C:\Program Files\NetBeans-16\netbeans\java\maven\bin\m2.conf -Dmaven.home=C:\Program Files\NetBeans-16\netbeans\java\maven -Dlibrary.jansi.path=C:\Program Files\NetBeans-16\netbeans\java\maven\lib\jansi-native -Dmaven.multiModuleProjectDirectory=C:\Users\37362\Documents\NetBeansProjects\Client_Gomoku org.codehaus.plexus.classworlds.launcher.Launcher -Dexec.vmArgs= -Dexec.args=${exec.vmArgs} -classpath %classpath ${exec.mainClass} ${exec.appArgs} -Dexec.appArgs= -Dexec.mainClass=com.mycompany.client_gomoku.Client_Gomoku -Dexec.executable=C:\Program Files\Java\jdk-19\bin\java.exe -Dmaven.ext.class.path=C:\Program Files\NetBeans-16\netbeans\java\maven-nblib\netbeans-eventspy.jar org.codehaus.mojo:exec-maven-plugin:3.0.0:exec

Host: Intel(R) Core(TM) i5-5200U CPU @ 2.20GHz, 4 cores, 7G,  Windows 10 , 64 bit Build 18362 (10.0.18362.1500)
Time: Sun Jun  4 22:37:02 2023 Arab Standard Time elapsed time: 0.841608 seconds (0d 0h 0m 0s)

---------------  T H R E A D  ---------------

Current thread (0x00000220bd1a5360):  JavaThread "C2 CompilerThread0" daemon [_thread_in_vm, id=6312, stack(0x000000dda7200000,0x000000dda7300000)]


Current CompileTask:
C2:    842  685       4       java.util.zip.ZipUtils::CENNAM (9 bytes)

Stack: [0x000000dda7200000,0x000000dda7300000]
Native frames: (J=compiled Java code, j=interpreted, Vv=VM code, C=native code)
V  [jvm.dll+0x6ee21a]
V  [jvm.dll+0x85765e]
V  [jvm.dll+0x85904e]
V  [jvm.dll+0x859703]
V  [jvm.dll+0x28298f]
V  [jvm.dll+0xc9adf]
V  [jvm.dll+0xc9e65]
V  [jvm.dll+0x207e3b]
V  [jvm.dll+0x1f40fd]
V  [jvm.dll+0x25b0d1]
V  [jvm.dll+0x2596e8]
V  [jvm.dll+0x807588]
V  [jvm.dll+0x80125a]
V  [jvm.dll+0x6ecf0b]
C  [ucrtbase.dll+0x210b2]
C  [KERNEL32.DLL+0x17c24]
C  [ntdll.dll+0x6d721]


---------------  P R O C E S S  ---------------

Threads class SMR info:
_java_thread_list=0x00000220c14e7800, length=12, elements={
0x000002209f252080, 0x00000220bd19dd70, 0x00000220bd19eb60, 0x00000220bd19f950,
0x00000220bd1a1490, 0x00000220bd1a3dd0, 0x00000220bd1a4700, 0x00000220bd1a5360,
0x00000220bd1a80a0, 0x00000220c1428030, 0x00000220c14e0a80, 0x00000220c14e7890
}

Java Threads: ( => current thread )
  0x000002209f252080 JavaThread "main" [_thread_in_Java, id=12992, stack(0x000000dda6500000,0x000000dda6600000)]
  0x00000220bd19dd70 JavaThread "Reference Handler" daemon [_thread_blocked, id=13364, stack(0x000000dda6c00000,0x000000dda6d00000)]
  0x00000220bd19eb60 JavaThread "Finalizer" daemon [_thread_blocked, id=13508, stack(0x000000dda6d00000,0x000000dda6e00000)]
  0x00000220bd19f950 JavaThread "Signal Dispatcher" daemon [_thread_blocked, id=11068, stack(0x000000dda6e00000,0x000000dda6f00000)]
  0x00000220bd1a1490 JavaThread "Attach Listener" daemon [_thread_blocked, id=11232, stack(0x000000dda6f00000,0x000000dda7000000)]
  0x00000220bd1a3dd0 JavaThread "Service Thread" daemon [_thread_blocked, id=19020, stack(0x000000dda7000000,0x000000dda7100000)]
  0x00000220bd1a4700 JavaThread "Monitor Deflation Thread" daemon [_thread_blocked, id=12280, stack(0x000000dda7100000,0x000000dda7200000)]
=>0x00000220bd1a5360 JavaThread "C2 CompilerThread0" daemon [_thread_in_vm, id=6312, stack(0x000000dda7200000,0x000000dda7300000)]
  0x00000220bd1a80a0 JavaThread "C1 CompilerThread0" daemon [_thread_in_native, id=20448, stack(0x000000dda7300000,0x000000dda7400000)]
  0x00000220c1428030 JavaThread "Sweeper thread" daemon [_thread_blocked, id=13872, stack(0x000000dda7400000,0x000000dda7500000)]
  0x00000220c14e0a80 JavaThread "Notification Thread" daemon [_thread_blocked, id=15152, stack(0x000000dda7500000,0x000000dda7600000)]
  0x00000220c14e7890 JavaThread "Common-Cleaner" daemon [_thread_blocked, id=19996, stack(0x000000dda7700000,0x000000dda7800000)]

Other Threads:
  0x00000220bd17f030 VMThread "VM Thread" [stack: 0x000000dda6b00000,0x000000dda6c00000] [id=2660]
  0x00000220c14e63f0 WatcherThread "VM Periodic Task Thread" [stack: 0x000000dda7600000,0x000000dda7700000] [id=14872]
  0x000002209f2b01b0 WorkerThread "GC Thread#0" [stack: 0x000000dda6600000,0x000000dda6700000] [id=3440]
  0x000002209f2c0ef0 ConcurrentGCThread "G1 Main Marker" [stack: 0x000000dda6700000,0x000000dda6800000] [id=19576]
  0x000002209f2c20c0 WorkerThread "G1 Conc#0" [stack: 0x000000dda6800000,0x000000dda6900000] [id=11140]
  0x000002209f30e8c0 ConcurrentGCThread "G1 Refine#0" [stack: 0x000000dda6900000,0x000000dda6a00000] [id=12196]
  0x00000220bd039650 ConcurrentGCThread "G1 Service" [stack: 0x000000dda6a00000,0x000000dda6b00000] [id=5184]

Threads with active compile tasks:
C2 CompilerThread0      890  685       4       java.util.zip.ZipUtils::CENNAM (9 bytes)
C1 CompilerThread0      890  678       3       java.net.URLStreamHandler::parseURL (1124 bytes)

VM state: not at safepoint (normal execution)

VM Mutex/Monitor currently owned by a thread: None

Heap address: 0x0000000081e00000, size: 2018 MB, Compressed Oops mode: 32-bit

CDS archive(s) mapped at: [0x0000000800000000-0x0000000800c40000-0x0000000800c40000), size 12845056, SharedBaseAddress: 0x0000000800000000, ArchiveRelocationMode: 0.
Compressed class space mapped at: 0x0000000801000000-0x0000000841000000, reserved size: 1073741824
Narrow klass base: 0x0000000800000000, Narrow klass shift: 0, Narrow klass range: 0x100000000

GC Precious Log:
 CardTable entry size: 512
 Card Set container configuration: InlinePtr #cards 5 size 8 Array Of Cards #cards 12 size 40 Howl #buckets 4 coarsen threshold 1843 Howl Bitmap #cards 512 size 80 coarsen threshold 460 Card regions per heap region 1 cards per card region 2048
 CPUs: 4 total, 4 available
 Memory: 8071M
 Large Page Support: Disabled
 NUMA Support: Disabled
 Compressed Oops: Enabled (32-bit)
 Heap Region Size: 1M
 Heap Min Capacity: 8M
 Heap Initial Capacity: 128M
 Heap Max Capacity: 2018M
 Pre-touch: Disabled
 Parallel Workers: 4
 Concurrent Workers: 1
 Concurrent Refinement Workers: 4
 Periodic GC: Disabled

Heap:
 garbage-first heap   total 131072K, used 9216K [0x0000000081e00000, 0x0000000100000000)
  region size 1024K, 10 young (10240K), 0 survivors (0K)
 Metaspace       used 2614K, committed 2752K, reserved 1114112K
  class space    used 248K, committed 320K, reserved 1048576K

Heap Regions: E=young(eden), S=young(survivor), O=old, HS=humongous(starts), HC=humongous(continues), CS=collection set, F=free, OA=open archive, CA=closed archive, TAMS=top-at-mark-start (previous, next)
|   0|0x0000000081e00000, 0x0000000081e00000, 0x0000000081f00000|  0%| F|  |TAMS 0x0000000081e00000, 0x0000000081e00000| Untracked 
|   1|0x0000000081f00000, 0x0000000081f00000, 0x0000000082000000|  0%| F|  |TAMS 0x0000000081f00000, 0x0000000081f00000| Untracked 
|   2|0x0000000082000000, 0x0000000082000000, 0x0000000082100000|  0%| F|  |TAMS 0x0000000082000000, 0x0000000082000000| Untracked 
|   3|0x0000000082100000, 0x0000000082100000, 0x0000000082200000|  0%| F|  |TAMS 0x0000000082100000, 0x0000000082100000| Untracked 
|   4|0x0000000082200000, 0x0000000082200000, 0x0000000082300000|  0%| F|  |TAMS 0x0000000082200000, 0x0000000082200000| Untracked 
|   5|0x0000000082300000, 0x0000000082300000, 0x0000000082400000|  0%| F|  |TAMS 0x0000000082300000, 0x0000000082300000| Untracked 
|   6|0x0000000082400000, 0x0000000082400000, 0x0000000082500000|  0%| F|  |TAMS 0x0000000082400000, 0x0000000082400000| Untracked 
|   7|0x0000000082500000, 0x0000000082500000, 0x0000000082600000|  0%| F|  |TAMS 0x0000000082500000, 0x0000000082500000| Untracked 
|   8|0x0000000082600000, 0x0000000082600000, 0x0000000082700000|  0%| F|  |TAMS 0x0000000082600000, 0x0000000082600000| Untracked 
|   9|0x0000000082700000, 0x0000000082700000, 0x0000000082800000|  0%| F|  |TAMS 0x0000000082700000, 0x0000000082700000| Untracked 
|  10|0x0000000082800000, 0x0000000082800000, 0x0000000082900000|  0%| F|  |TAMS 0x0000000082800000, 0x0000000082800000| Untracked 
|  11|0x0000000082900000, 0x0000000082900000, 0x0000000082a00000|  0%| F|  |TAMS 0x0000000082900000, 0x0000000082900000| Untracked 
|  12|0x0000000082a00000, 0x0000000082a00000, 0x0000000082b00000|  0%| F|  |TAMS 0x0000000082a00000, 0x0000000082a00000| Untracked 
|  13|0x0000000082b00000, 0x0000000082b00000, 0x0000000082c00000|  0%| F|  |TAMS 0x0000000082b00000, 0x0000000082b00000| Untracked 
|  14|0x0000000082c00000, 0x0000000082c00000, 0x0000000082d00000|  0%| F|  |TAMS 0x0000000082c00000, 0x0000000082c00000| Untracked 
|  15|0x0000000082d00000, 0x0000000082d00000, 0x0000000082e00000|  0%| F|  |TAMS 0x0000000082d00000, 0x0000000082d00000| Untracked 
|  16|0x0000000082e00000, 0x0000000082e00000, 0x0000000082f00000|  0%| F|  |TAMS 0x0000000082e00000, 0x0000000082e00000| Untracked 
|  17|0x0000000082f00000, 0x0000000082f00000, 0x0000000083000000|  0%| F|  |TAMS 0x0000000082f00000, 0x0000000082f00000| Untracked 
|  18|0x0000000083000000, 0x0000000083000000, 0x0000000083100000|  0%| F|  |TAMS 0x0000000083000000, 0x0000000083000000| Untracked 
|  19|0x0000000083100000, 0x0000000083100000, 0x0000000083200000|  0%| F|  |TAMS 0x0000000083100000, 0x0000000083100000| Untracked 
|  20|0x0000000083200000, 0x0000000083200000, 0x0000000083300000|  0%| F|  |TAMS 0x0000000083200000, 0x0000000083200000| Untracked 
|  21|0x0000000083300000, 0x0000000083300000, 0x0000000083400000|  0%| F|  |TAMS 0x0000000083300000, 0x0000000083300000| Untracked 
|  22|0x0000000083400000, 0x0000000083400000, 0x0000000083500000|  0%| F|  |TAMS 0x0000000083400000, 0x0000000083400000| Untracked 
|  23|0x0000000083500000, 0x0000000083500000, 0x0000000083600000|  0%| F|  |TAMS 0x0000000083500000, 0x0000000083500000| Untracked 
|  24|0x0000000083600000, 0x0000000083600000, 0x0000000083700000|  0%| F|  |TAMS 0x0000000083600000, 0x0000000083600000| Untracked 
|  25|0x0000000083700000, 0x0000000083700000, 0x0000000083800000|  0%| F|  |TAMS 0x0000000083700000, 0x0000000083700000| Untracked 
|  26|0x0000000083800000, 0x0000000083800000, 0x0000000083900000|  0%| F|  |TAMS 0x0000000083800000, 0x0000000083800000| Untracked 
|  27|0x0000000083900000, 0x0000000083900000, 0x0000000083a00000|  0%| F|  |TAMS 0x0000000083900000, 0x0000000083900000| Untracked 
|  28|0x0000000083a00000, 0x0000000083a00000, 0x0000000083b00000|  0%| F|  |TAMS 0x0000000083a00000, 0x0000000083a00000| Untracked 
|  29|0x0000000083b00000, 0x0000000083b00000, 0x0000000083c00000|  0%| F|  |TAMS 0x0000000083b00000, 0x0000000083b00000| Untracked 
|  30|0x0000000083c00000, 0x0000000083c00000, 0x0000000083d00000|  0%| F|  |TAMS 0x0000000083c00000, 0x0000000083c00000| Untracked 
|  31|0x0000000083d00000, 0x0000000083d00000, 0x0000000083e00000|  0%| F|  |TAMS 0x0000000083d00000, 0x0000000083d00000| Untracked 
|  32|0x0000000083e00000, 0x0000000083e00000, 0x0000000083f00000|  0%| F|  |TAMS 0x0000000083e00000, 0x0000000083e00000| Untracked 
|  33|0x0000000083f00000, 0x0000000083f00000, 0x0000000084000000|  0%| F|  |TAMS 0x0000000083f00000, 0x0000000083f00000| Untracked 
|  34|0x0000000084000000, 0x0000000084000000, 0x0000000084100000|  0%| F|  |TAMS 0x0000000084000000, 0x0000000084000000| Untracked 
|  35|0x0000000084100000, 0x0000000084100000, 0x0000000084200000|  0%| F|  |TAMS 0x0000000084100000, 0x0000000084100000| Untracked 
|  36|0x0000000084200000, 0x0000000084200000, 0x0000000084300000|  0%| F|  |TAMS 0x0000000084200000, 0x0000000084200000| Untracked 
|  37|0x0000000084300000, 0x0000000084300000, 0x0000000084400000|  0%| F|  |TAMS 0x0000000084300000, 0x0000000084300000| Untracked 
|  38|0x0000000084400000, 0x0000000084400000, 0x0000000084500000|  0%| F|  |TAMS 0x0000000084400000, 0x0000000084400000| Untracked 
|  39|0x0000000084500000, 0x0000000084500000, 0x0000000084600000|  0%| F|  |TAMS 0x0000000084500000, 0x0000000084500000| Untracked 
|  40|0x0000000084600000, 0x0000000084600000, 0x0000000084700000|  0%| F|  |TAMS 0x0000000084600000, 0x0000000084600000| Untracked 
|  41|0x0000000084700000, 0x0000000084700000, 0x0000000084800000|  0%| F|  |TAMS 0x0000000084700000, 0x0000000084700000| Untracked 
|  42|0x0000000084800000, 0x0000000084800000, 0x0000000084900000|  0%| F|  |TAMS 0x0000000084800000, 0x0000000084800000| Untracked 
|  43|0x0000000084900000, 0x0000000084900000, 0x0000000084a00000|  0%| F|  |TAMS 0x0000000084900000, 0x0000000084900000| Untracked 
|  44|0x0000000084a00000, 0x0000000084a00000, 0x0000000084b00000|  0%| F|  |TAMS 0x0000000084a00000, 0x0000000084a00000| Untracked 
|  45|0x0000000084b00000, 0x0000000084b00000, 0x0000000084c00000|  0%| F|  |TAMS 0x0000000084b00000, 0x0000000084b00000| Untracked 
|  46|0x0000000084c00000, 0x0000000084c00000, 0x0000000084d00000|  0%| F|  |TAMS 0x0000000084c00000, 0x0000000084c00000| Untracked 
|  47|0x0000000084d00000, 0x0000000084d00000, 0x0000000084e00000|  0%| F|  |TAMS 0x0000000084d00000, 0x0000000084d00000| Untracked 
|  48|0x0000000084e00000, 0x0000000084e00000, 0x0000000084f00000|  0%| F|  |TAMS 0x0000000084e00000, 0x0000000084e00000| Untracked 
|  49|0x0000000084f00000, 0x0000000084f00000, 0x0000000085000000|  0%| F|  |TAMS 0x0000000084f00000, 0x0000000084f00000| Untracked 
|  50|0x0000000085000000, 0x0000000085000000, 0x0000000085100000|  0%| F|  |TAMS 0x0000000085000000, 0x0000000085000000| Untracked 
|  51|0x0000000085100000, 0x0000000085100000, 0x0000000085200000|  0%| F|  |TAMS 0x0000000085100000, 0x0000000085100000| Untracked 
|  52|0x0000000085200000, 0x0000000085200000, 0x0000000085300000|  0%| F|  |TAMS 0x0000000085200000, 0x0000000085200000| Untracked 
|  53|0x0000000085300000, 0x0000000085300000, 0x0000000085400000|  0%| F|  |TAMS 0x0000000085300000, 0x0000000085300000| Untracked 
|  54|0x0000000085400000, 0x0000000085400000, 0x0000000085500000|  0%| F|  |TAMS 0x0000000085400000, 0x0000000085400000| Untracked 
|  55|0x0000000085500000, 0x0000000085500000, 0x0000000085600000|  0%| F|  |TAMS 0x0000000085500000, 0x0000000085500000| Untracked 
|  56|0x0000000085600000, 0x0000000085600000, 0x0000000085700000|  0%| F|  |TAMS 0x0000000085600000, 0x0000000085600000| Untracked 
|  57|0x0000000085700000, 0x0000000085700000, 0x0000000085800000|  0%| F|  |TAMS 0x0000000085700000, 0x0000000085700000| Untracked 
|  58|0x0000000085800000, 0x0000000085800000, 0x0000000085900000|  0%| F|  |TAMS 0x0000000085800000, 0x0000000085800000| Untracked 
|  59|0x0000000085900000, 0x0000000085900000, 0x0000000085a00000|  0%| F|  |TAMS 0x0000000085900000, 0x0000000085900000| Untracked 
|  60|0x0000000085a00000, 0x0000000085a00000, 0x0000000085b00000|  0%| F|  |TAMS 0x0000000085a00000, 0x0000000085a00000| Untracked 
|  61|0x0000000085b00000, 0x0000000085b00000, 0x0000000085c00000|  0%| F|  |TAMS 0x0000000085b00000, 0x0000000085b00000| Untracked 
|  62|0x0000000085c00000, 0x0000000085c00000, 0x0000000085d00000|  0%| F|  |TAMS 0x0000000085c00000, 0x0000000085c00000| Untracked 
|  63|0x0000000085d00000, 0x0000000085d00000, 0x0000000085e00000|  0%| F|  |TAMS 0x0000000085d00000, 0x0000000085d00000| Untracked 
|  64|0x0000000085e00000, 0x0000000085e00000, 0x0000000085f00000|  0%| F|  |TAMS 0x0000000085e00000, 0x0000000085e00000| Untracked 
|  65|0x0000000085f00000, 0x0000000085f00000, 0x0000000086000000|  0%| F|  |TAMS 0x0000000085f00000, 0x0000000085f00000| Untracked 
|  66|0x0000000086000000, 0x0000000086000000, 0x0000000086100000|  0%| F|  |TAMS 0x0000000086000000, 0x0000000086000000| Untracked 
|  67|0x0000000086100000, 0x0000000086100000, 0x0000000086200000|  0%| F|  |TAMS 0x0000000086100000, 0x0000000086100000| Untracked 
|  68|0x0000000086200000, 0x0000000086200000, 0x0000000086300000|  0%| F|  |TAMS 0x0000000086200000, 0x0000000086200000| Untracked 
|  69|0x0000000086300000, 0x0000000086300000, 0x0000000086400000|  0%| F|  |TAMS 0x0000000086300000, 0x0000000086300000| Untracked 
|  70|0x0000000086400000, 0x0000000086400000, 0x0000000086500000|  0%| F|  |TAMS 0x0000000086400000, 0x0000000086400000| Untracked 
|  71|0x0000000086500000, 0x0000000086500000, 0x0000000086600000|  0%| F|  |TAMS 0x0000000086500000, 0x0000000086500000| Untracked 
|  72|0x0000000086600000, 0x0000000086600000, 0x0000000086700000|  0%| F|  |TAMS 0x0000000086600000, 0x0000000086600000| Untracked 
|  73|0x0000000086700000, 0x0000000086700000, 0x0000000086800000|  0%| F|  |TAMS 0x0000000086700000, 0x0000000086700000| Untracked 
|  74|0x0000000086800000, 0x0000000086800000, 0x0000000086900000|  0%| F|  |TAMS 0x0000000086800000, 0x0000000086800000| Untracked 
|  75|0x0000000086900000, 0x0000000086900000, 0x0000000086a00000|  0%| F|  |TAMS 0x0000000086900000, 0x0000000086900000| Untracked 
|  76|0x0000000086a00000, 0x0000000086a00000, 0x0000000086b00000|  0%| F|  |TAMS 0x0000000086a00000, 0x0000000086a00000| Untracked 
|  77|0x0000000086b00000, 0x0000000086b00000, 0x0000000086c00000|  0%| F|  |TAMS 0x0000000086b00000, 0x0000000086b00000| Untracked 
|  78|0x0000000086c00000, 0x0000000086c00000, 0x0000000086d00000|  0%| F|  |TAMS 0x0000000086c00000, 0x0000000086c00000| Untracked 
|  79|0x0000000086d00000, 0x0000000086d00000, 0x0000000086e00000|  0%| F|  |TAMS 0x0000000086d00000, 0x0000000086d00000| Untracked 
|  80|0x0000000086e00000, 0x0000000086e00000, 0x0000000086f00000|  0%| F|  |TAMS 0x0000000086e00000, 0x0000000086e00000| Untracked 
|  81|0x0000000086f00000, 0x0000000086f00000, 0x0000000087000000|  0%| F|  |TAMS 0x0000000086f00000, 0x0000000086f00000| Untracked 
|  82|0x0000000087000000, 0x0000000087000000, 0x0000000087100000|  0%| F|  |TAMS 0x0000000087000000, 0x0000000087000000| Untracked 
|  83|0x0000000087100000, 0x0000000087100000, 0x0000000087200000|  0%| F|  |TAMS 0x0000000087100000, 0x0000000087100000| Untracked 
|  84|0x0000000087200000, 0x0000000087200000, 0x0000000087300000|  0%| F|  |TAMS 0x0000000087200000, 0x0000000087200000| Untracked 
|  85|0x0000000087300000, 0x0000000087300000, 0x0000000087400000|  0%| F|  |TAMS 0x0000000087300000, 0x0000000087300000| Untracked 
|  86|0x0000000087400000, 0x0000000087400000, 0x0000000087500000|  0%| F|  |TAMS 0x0000000087400000, 0x0000000087400000| Untracked 
|  87|0x0000000087500000, 0x0000000087500000, 0x0000000087600000|  0%| F|  |TAMS 0x0000000087500000, 0x0000000087500000| Untracked 
|  88|0x0000000087600000, 0x0000000087600000, 0x0000000087700000|  0%| F|  |TAMS 0x0000000087600000, 0x0000000087600000| Untracked 
|  89|0x0000000087700000, 0x0000000087700000, 0x0000000087800000|  0%| F|  |TAMS 0x0000000087700000, 0x0000000087700000| Untracked 
|  90|0x0000000087800000, 0x0000000087800000, 0x0000000087900000|  0%| F|  |TAMS 0x0000000087800000, 0x0000000087800000| Untracked 
|  91|0x0000000087900000, 0x0000000087900000, 0x0000000087a00000|  0%| F|  |TAMS 0x0000000087900000, 0x0000000087900000| Untracked 
|  92|0x0000000087a00000, 0x0000000087a00000, 0x0000000087b00000|  0%| F|  |TAMS 0x0000000087a00000, 0x0000000087a00000| Untracked 
|  93|0x0000000087b00000, 0x0000000087b00000, 0x0000000087c00000|  0%| F|  |TAMS 0x0000000087b00000, 0x0000000087b00000| Untracked 
|  94|0x0000000087c00000, 0x0000000087c00000, 0x0000000087d00000|  0%| F|  |TAMS 0x0000000087c00000, 0x0000000087c00000| Untracked 
|  95|0x0000000087d00000, 0x0000000087d00000, 0x0000000087e00000|  0%| F|  |TAMS 0x0000000087d00000, 0x0000000087d00000| Untracked 
|  96|0x0000000087e00000, 0x0000000087e00000, 0x0000000087f00000|  0%| F|  |TAMS 0x0000000087e00000, 0x0000000087e00000| Untracked 
|  97|0x0000000087f00000, 0x0000000087f00000, 0x0000000088000000|  0%| F|  |TAMS 0x0000000087f00000, 0x0000000087f00000| Untracked 
|  98|0x0000000088000000, 0x0000000088000000, 0x0000000088100000|  0%| F|  |TAMS 0x0000000088000000, 0x0000000088000000| Untracked 
|  99|0x0000000088100000, 0x0000000088100000, 0x0000000088200000|  0%| F|  |TAMS 0x0000000088100000, 0x0000000088100000| Untracked 
| 100|0x0000000088200000, 0x0000000088200000, 0x0000000088300000|  0%| F|  |TAMS 0x0000000088200000, 0x0000000088200000| Untracked 
| 101|0x0000000088300000, 0x0000000088300000, 0x0000000088400000|  0%| F|  |TAMS 0x0000000088300000, 0x0000000088300000| Untracked 
| 102|0x0000000088400000, 0x0000000088400000, 0x0000000088500000|  0%| F|  |TAMS 0x0000000088400000, 0x0000000088400000| Untracked 
| 103|0x0000000088500000, 0x0000000088500000, 0x0000000088600000|  0%| F|  |TAMS 0x0000000088500000, 0x0000000088500000| Untracked 
| 104|0x0000000088600000, 0x0000000088600000, 0x0000000088700000|  0%| F|  |TAMS 0x0000000088600000, 0x0000000088600000| Untracked 
| 105|0x0000000088700000, 0x0000000088700000, 0x0000000088800000|  0%| F|  |TAMS 0x0000000088700000, 0x0000000088700000| Untracked 
| 106|0x0000000088800000, 0x0000000088800000, 0x0000000088900000|  0%| F|  |TAMS 0x0000000088800000, 0x0000000088800000| Untracked 
| 107|0x0000000088900000, 0x0000000088900000, 0x0000000088a00000|  0%| F|  |TAMS 0x0000000088900000, 0x0000000088900000| Untracked 
| 108|0x0000000088a00000, 0x0000000088a00000, 0x0000000088b00000|  0%| F|  |TAMS 0x0000000088a00000, 0x0000000088a00000| Untracked 
| 109|0x0000000088b00000, 0x0000000088b00000, 0x0000000088c00000|  0%| F|  |TAMS 0x0000000088b00000, 0x0000000088b00000| Untracked 
| 110|0x0000000088c00000, 0x0000000088c00000, 0x0000000088d00000|  0%| F|  |TAMS 0x0000000088c00000, 0x0000000088c00000| Untracked 
| 111|0x0000000088d00000, 0x0000000088d00000, 0x0000000088e00000|  0%| F|  |TAMS 0x0000000088d00000, 0x0000000088d00000| Untracked 
| 112|0x0000000088e00000, 0x0000000088e00000, 0x0000000088f00000|  0%| F|  |TAMS 0x0000000088e00000, 0x0000000088e00000| Untracked 
| 113|0x0000000088f00000, 0x0000000088f00000, 0x0000000089000000|  0%| F|  |TAMS 0x0000000088f00000, 0x0000000088f00000| Untracked 
| 114|0x0000000089000000, 0x0000000089000000, 0x0000000089100000|  0%| F|  |TAMS 0x0000000089000000, 0x0000000089000000| Untracked 
| 115|0x0000000089100000, 0x0000000089100000, 0x0000000089200000|  0%| F|  |TAMS 0x0000000089100000, 0x0000000089100000| Untracked 
| 116|0x0000000089200000, 0x0000000089200000, 0x0000000089300000|  0%| F|  |TAMS 0x0000000089200000, 0x0000000089200000| Untracked 
| 117|0x0000000089300000, 0x0000000089300000, 0x0000000089400000|  0%| F|  |TAMS 0x0000000089300000, 0x0000000089300000| Untracked 
| 118|0x0000000089400000, 0x0000000089500000, 0x0000000089500000|100%| E|  |TAMS 0x0000000089400000, 0x0000000089400000| Complete 
| 119|0x0000000089500000, 0x0000000089600000, 0x0000000089600000|100%| E|CS|TAMS 0x0000000089500000, 0x0000000089500000| Complete 
| 120|0x0000000089600000, 0x0000000089700000, 0x0000000089700000|100%| E|CS|TAMS 0x0000000089600000, 0x0000000089600000| Complete 
| 121|0x0000000089700000, 0x0000000089800000, 0x0000000089800000|100%| E|CS|TAMS 0x0000000089700000, 0x0000000089700000| Complete 
| 122|0x0000000089800000, 0x0000000089900000, 0x0000000089900000|100%| E|CS|TAMS 0x0000000089800000, 0x0000000089800000| Complete 
| 123|0x0000000089900000, 0x0000000089a00000, 0x0000000089a00000|100%| E|CS|TAMS 0x0000000089900000, 0x0000000089900000| Complete 
| 124|0x0000000089a00000, 0x0000000089b00000, 0x0000000089b00000|100%| E|CS|TAMS 0x0000000089a00000, 0x0000000089a00000| Complete 
| 125|0x0000000089b00000, 0x0000000089c00000, 0x0000000089c00000|100%| E|CS|TAMS 0x0000000089b00000, 0x0000000089b00000| Complete 
| 126|0x0000000089c00000, 0x0000000089d00000, 0x0000000089d00000|100%| E|CS|TAMS 0x0000000089c00000, 0x0000000089c00000| Complete 
| 127|0x0000000089d00000, 0x0000000089e00000, 0x0000000089e00000|100%| E|CS|TAMS 0x0000000089d00000, 0x0000000089d00000| Complete 

Card table byte_map: [0x00000220b65b0000,0x00000220b69b0000] _byte_map_base: 0x00000220b61a1000

Marking Bits (Prev, Next): (CMBitMap*) 0x000002209f2b07e0, (CMBitMap*) 0x000002209f2b0820
 Prev Bits: [0x00000220b6db0000, 0x00000220b8d38000)
 Next Bits: [0x00000220b8d40000, 0x00000220bacc8000)

Polling page: 0x000002209ea10000

Metaspace:

Usage:
  Non-class:      2.39 MB used.
      Class:    258.77 KB used.
       Both:      2.65 MB used.

Virtual space:
  Non-class space:       64.00 MB reserved,       2.50 MB (  4%) committed,  1 nodes.
      Class space:        1.00 GB reserved,     320.00 KB ( <1%) committed,  1 nodes.
             Both:        1.06 GB reserved,       2.81 MB ( <1%) committed. 

Chunk freelists:
   Non-Class:  2.67 MB
       Class:  3.57 MB
        Both:  6.24 MB

MaxMetaspaceSize: unlimited
CompressedClassSpaceSize: 1.00 GB
Initial GC threshold: 21.00 MB
Current GC threshold: 21.00 MB
CDS: on
MetaspaceReclaimPolicy: balanced
 - commit_granule_bytes: 65536.
 - commit_granule_words: 8192.
 - virtual_space_node_default_size: 8388608.
 - enlarge_chunks_in_place: 1.
 - new_chunks_are_fully_committed: 0.
 - uncommit_free_chunks: 1.
 - use_allocation_guard: 0.


Internal statistics:

num_allocs_failed_limit: 0.
num_arena_births: 28.
num_arena_deaths: 0.
num_vsnodes_births: 2.
num_vsnodes_deaths: 0.
num_space_committed: 45.
num_space_uncommitted: 0.
num_chunks_returned_to_freelist: 0.
num_chunks_taken_from_freelist: 97.
num_chunk_merges: 0.
num_chunk_splits: 68.
num_chunks_enlarged: 55.
num_inconsistent_stats: 0.

CodeHeap 'non-profiled nmethods': size=120000Kb used=191Kb max_used=191Kb free=119808Kb
 bounds [0x00000220aec80000, 0x00000220aeef0000, 0x00000220b61b0000]
CodeHeap 'profiled nmethods': size=120000Kb used=1154Kb max_used=1154Kb free=118845Kb
 bounds [0x00000220a71b0000, 0x00000220a7420000, 0x00000220ae6e0000]
CodeHeap 'non-nmethods': size=5760Kb used=1230Kb max_used=1238Kb free=4529Kb
 bounds [0x00000220ae6e0000, 0x00000220ae950000, 0x00000220aec80000]
 total_blobs=1116 nmethods=679 adapters=348
 compilation: enabled
              stopped_count=0, restarted_count=0
 full_count=0

Compilation events (20 events):
Event: 0.800 Thread 0x00000220bd1a80a0  669       3       java.util.Collections$SetFromMap::add (22 bytes)
Event: 0.800 Thread 0x00000220bd1a80a0 nmethod 669 0x00000220a72cb990 code [0x00000220a72cbb40, 0x00000220a72cbd88]
Event: 0.803 Thread 0x00000220bd1a80a0  670       3       sun.net.www.ParseUtil::encodePath (41 bytes)
Event: 0.804 Thread 0x00000220bd1a80a0 nmethod 670 0x00000220a72cbe90 code [0x00000220a72cc060, 0x00000220a72cc2c8]
Event: 0.804 Thread 0x00000220bd1a80a0  671   !   3       jdk.internal.ref.PhantomCleanable::remove (60 bytes)
Event: 0.805 Thread 0x00000220bd1a5360  673 %     4       java.lang.StringLatin1::indexOf @ 30 (121 bytes)
Event: 0.805 Thread 0x00000220bd1a80a0 nmethod 671 0x00000220a72cc390 code [0x00000220a72cc560, 0x00000220a72cc978]
Event: 0.805 Thread 0x00000220bd1a80a0  672       3       java.lang.ref.Reference::clear (5 bytes)
Event: 0.805 Thread 0x00000220bd1a80a0 nmethod 672 0x00000220a72ccb10 code [0x00000220a72cccc0, 0x00000220a72cce08]
Event: 0.807 Thread 0x00000220bd1a80a0  674   !   3       java.util.zip.ZipFile::getInputStream (275 bytes)
Event: 0.809 Thread 0x00000220bd1a80a0 nmethod 674 0x00000220a72cce90 code [0x00000220a72cd180, 0x00000220a72ce2c8]
Event: 0.809 Thread 0x00000220bd1a80a0  675       3       java.util.zip.ZipFile$ZipFileInputStream::<init> (96 bytes)
Event: 0.810 Thread 0x00000220bd1a80a0 nmethod 675 0x00000220a72ced90 code [0x00000220a72cefe0, 0x00000220a72cfa28]
Event: 0.810 Thread 0x00000220bd1a80a0  676       3       java.util.zip.ZipUtils::CENOFF (9 bytes)
Event: 0.810 Thread 0x00000220bd1a80a0 nmethod 676 0x00000220a72cfe90 code [0x00000220a72d0040, 0x00000220a72d0318]
Event: 0.812 Thread 0x00000220bd1a80a0  677       3       sun.net.www.protocol.file.Handler::parseURL (18 bytes)
Event: 0.813 Thread 0x00000220bd1a80a0 nmethod 677 0x00000220a72d0490 code [0x00000220a72d0640, 0x00000220a72d07f8]
Event: 0.813 Thread 0x00000220bd1a80a0  678       3       java.net.URLStreamHandler::parseURL (1124 bytes)
Event: 0.817 Thread 0x00000220bd1a5360 nmethod 673% 0x00000220aecaec90 code [0x00000220aecaee20, 0x00000220aecaf198]
Event: 0.835 Thread 0x00000220bd1a5360  685       4       java.util.zip.ZipUtils::CENNAM (9 bytes)

GC Heap History (0 events):
No events

Dll operation events (8 events):
Event: 0.018 Loaded shared library C:\Program Files\Java\jdk-19\bin\java.dll
Event: 0.035 Loaded shared library C:\Program Files\Java\jdk-19\bin\jsvml.dll
Event: 0.115 Loaded shared library C:\Program Files\Java\jdk-19\bin\net.dll
Event: 0.120 Loaded shared library C:\Program Files\Java\jdk-19\bin\nio.dll
Event: 0.129 Loaded shared library C:\Program Files\Java\jdk-19\bin\zip.dll
Event: 0.363 Loaded shared library C:\Program Files\Java\jdk-19\bin\jimage.dll
Event: 0.381 Loaded shared library C:\Program Files\NetBeans-16\netbeans\java\maven\lib\jansi-native\Windows\x86_64\jansi.dll
Event: 0.406 Loaded shared library C:\Program Files\Java\jdk-19\bin\verify.dll

Deoptimization events (12 events):
Event: 0.309 Thread 0x000002209f252080 Uncommon trap: trap_request=0xffffff45 fr.pc=0x00000220aec8ae04 relative=0x0000000000000064
Event: 0.309 Thread 0x000002209f252080 Uncommon trap: reason=unstable_if action=reinterpret pc=0x00000220aec8ae04 method=java.io.WinNTFileSystem.isSlash(C)Z @ 9 c2
Event: 0.309 Thread 0x000002209f252080 DEOPT PACKING pc=0x00000220aec8ae04 sp=0x000000dda65fe360
Event: 0.309 Thread 0x000002209f252080 DEOPT UNPACKING pc=0x00000220ae746da3 sp=0x000000dda65fe2e8 mode 2
Event: 0.761 Thread 0x000002209f252080 Uncommon trap: trap_request=0xffffff45 fr.pc=0x00000220aeca9a30 relative=0x00000000000006b0
Event: 0.761 Thread 0x000002209f252080 Uncommon trap: reason=unstable_if action=reinterpret pc=0x00000220aeca9a30 method=java.util.regex.Matcher.search(I)Z @ 30 c2
Event: 0.761 Thread 0x000002209f252080 DEOPT PACKING pc=0x00000220aeca9a30 sp=0x000000dda65fd9e0
Event: 0.761 Thread 0x000002209f252080 DEOPT UNPACKING pc=0x00000220ae746da3 sp=0x000000dda65fd9c0 mode 2
Event: 0.772 Thread 0x000002209f252080 Uncommon trap: trap_request=0xffffff45 fr.pc=0x00000220aec87be0 relative=0x00000000000003a0
Event: 0.772 Thread 0x000002209f252080 Uncommon trap: reason=unstable_if action=reinterpret pc=0x00000220aec87be0 method=java.lang.StringLatin1.canEncode(I)Z @ 4 c2
Event: 0.772 Thread 0x000002209f252080 DEOPT PACKING pc=0x00000220aec87be0 sp=0x000000dda65fdfc0
Event: 0.772 Thread 0x000002209f252080 DEOPT UNPACKING pc=0x00000220ae746da3 sp=0x000000dda65fdee8 mode 2

Classes loaded (20 events):
Event: 0.545 Loading class java/io/EOFException
Event: 0.546 Loading class java/io/EOFException done
Event: 0.557 Loading class java/util/ArrayList$ListItr
Event: 0.558 Loading class java/util/ArrayList$ListItr done
Event: 0.578 Loading class java/lang/TypeNotPresentException
Event: 0.579 Loading class java/lang/TypeNotPresentException done
Event: 0.594 Loading class java/util/concurrent/atomic/AtomicReference
Event: 0.594 Loading class java/util/concurrent/atomic/AtomicReference done
Event: 0.637 Loading class java/text/ParseException
Event: 0.637 Loading class java/text/ParseException done
Event: 0.655 Loading class sun/util/calendar/ZoneInfoFile$Checksum
Event: 0.655 Loading class sun/util/calendar/ZoneInfoFile$Checksum done
Event: 0.662 Loading class jdk/internal/module/ModulePatcher$PatchedModuleReader
Event: 0.663 Loading class jdk/internal/module/ModulePatcher$PatchedModuleReader done
Event: 0.663 Loading class sun/net/www/protocol/jrt/Handler
Event: 0.663 Loading class sun/net/www/protocol/jrt/Handler done
Event: 0.767 Loading class sun/text/resources/cldr/FormatData_en
Event: 0.767 Loading class sun/text/resources/cldr/FormatData_en done
Event: 0.768 Loading class sun/text/resources/cldr/FormatData_en_US
Event: 0.768 Loading class sun/text/resources/cldr/FormatData_en_US done

Classes unloaded (0 events):
No events

Classes redefined (0 events):
No events

Internal exceptions (10 events):
Event: 0.331 Thread 0x000002209f252080 Exception <a 'java/lang/NoSuchMethodError'{0x0000000089a74df8}: 'java.lang.Object java.lang.invoke.Invokers$Holder.invokeExact_MT(java.lang.Object, java.lang.Object, java.lang.Object, java.lang.Object, java.lang.Object)'> (0x0000000089a74df8) 
thrown [s\open\src\hotspot\share\interpreter\linkResolver.cpp, line 774]
Event: 0.355 Thread 0x000002209f252080 Exception <a 'java/lang/NullPointerException'{0x0000000089acad08}> (0x0000000089acad08) 
thrown [s\open\src\hotspot\share\interpreter\linkResolver.cpp, line 1374]
Event: 0.384 Thread 0x000002209f252080 Exception <a 'java/lang/NullPointerException'{0x0000000089af8940}> (0x0000000089af8940) 
thrown [s\open\src\hotspot\share\interpreter\linkResolver.cpp, line 1374]
Event: 0.384 Thread 0x000002209f252080 Exception <a 'java/lang/NullPointerException'{0x0000000089af8c20}> (0x0000000089af8c20) 
thrown [s\open\src\hotspot\share\interpreter\linkResolver.cpp, line 1374]
Event: 0.384 Thread 0x000002209f252080 Exception <a 'java/lang/NullPointerException'{0x0000000089af8f00}> (0x0000000089af8f00) 
thrown [s\open\src\hotspot\share\interpreter\linkResolver.cpp, line 1374]
Event: 0.386 Thread 0x000002209f252080 Exception <a 'java/lang/NullPointerException'{0x0000000089afdd08}> (0x0000000089afdd08) 
thrown [s\open\src\hotspot\share\interpreter\linkResolver.cpp, line 1374]
Event: 0.390 Thread 0x000002209f252080 Exception <a 'java/lang/NullPointerException'{0x00000000899116d8}> (0x00000000899116d8) 
thrown [s\open\src\hotspot\share\interpreter\linkResolver.cpp, line 1374]
Event: 0.390 Thread 0x000002209f252080 Exception <a 'java/lang/NullPointerException'{0x00000000899119b8}> (0x00000000899119b8) 
thrown [s\open\src\hotspot\share\interpreter\linkResolver.cpp, line 1374]
Event: 0.390 Thread 0x000002209f252080 Exception <a 'java/lang/NullPointerException'{0x0000000089911c98}> (0x0000000089911c98) 
thrown [s\open\src\hotspot\share\interpreter\linkResolver.cpp, line 1374]
Event: 0.390 Thread 0x000002209f252080 Exception <a 'java/lang/NullPointerException'{0x0000000089911f78}> (0x0000000089911f78) 
thrown [s\open\src\hotspot\share\interpreter\linkResolver.cpp, line 1374]

VM Operations (8 events):
Event: 0.131 Executing VM operation: HandshakeAllThreads
Event: 0.131 Executing VM operation: HandshakeAllThreads done
Event: 0.352 Executing VM operation: HandshakeAllThreads
Event: 0.352 Executing VM operation: HandshakeAllThreads done
Event: 0.369 Executing VM operation: HandshakeAllThreads
Event: 0.369 Executing VM operation: HandshakeAllThreads done
Event: 0.601 Executing VM operation: HandshakeAllThreads
Event: 0.601 Executing VM operation: HandshakeAllThreads done

Events (12 events):
Event: 0.036 Thread 0x000002209f252080 Thread added: 0x000002209f252080
Event: 0.058 Thread 0x00000220bd19dd70 Thread added: 0x00000220bd19dd70
Event: 0.058 Thread 0x00000220bd19eb60 Thread added: 0x00000220bd19eb60
Event: 0.059 Thread 0x00000220bd19f950 Thread added: 0x00000220bd19f950
Event: 0.059 Thread 0x00000220bd1a1490 Thread added: 0x00000220bd1a1490
Event: 0.059 Thread 0x00000220bd1a3dd0 Thread added: 0x00000220bd1a3dd0
Event: 0.059 Thread 0x00000220bd1a4700 Thread added: 0x00000220bd1a4700
Event: 0.059 Thread 0x00000220bd1a5360 Thread added: 0x00000220bd1a5360
Event: 0.060 Thread 0x00000220bd1a80a0 Thread added: 0x00000220bd1a80a0
Event: 0.070 Thread 0x00000220c1428030 Thread added: 0x00000220c1428030
Event: 0.102 Thread 0x00000220c14e0a80 Thread added: 0x00000220c14e0a80
Event: 0.107 Thread 0x00000220c14e7890 Thread added: 0x00000220c14e7890


Dynamic libraries:
0x00007ff681150000 - 0x00007ff681160000 	C:\Program Files\Java\jdk-19\bin\java.exe
0x00007ffb8d5a0000 - 0x00007ffb8d790000 	C:\WINDOWS\SYSTEM32\ntdll.dll
0x00007ffb8c810000 - 0x00007ffb8c8c2000 	C:\WINDOWS\System32\KERNEL32.DLL
0x00007ffb8b020000 - 0x00007ffb8b2c5000 	C:\WINDOWS\System32\KERNELBASE.dll
0x00007ffb8ac90000 - 0x00007ffb8ad8a000 	C:\WINDOWS\System32\ucrtbase.dll
0x00007ffb84830000 - 0x00007ffb84848000 	C:\Program Files\Java\jdk-19\bin\jli.dll
0x00007ffb6caa0000 - 0x00007ffb6cabb000 	C:\Program Files\Java\jdk-19\bin\VCRUNTIME140.dll
0x00007ffb8be70000 - 0x00007ffb8bf13000 	C:\WINDOWS\System32\ADVAPI32.dll
0x00007ffb8b6b0000 - 0x00007ffb8b74e000 	C:\WINDOWS\System32\msvcrt.dll
0x00007ffb8bc40000 - 0x00007ffb8bcd7000 	C:\WINDOWS\System32\sechost.dll
0x00007ffb8d440000 - 0x00007ffb8d55f000 	C:\WINDOWS\System32\RPCRT4.dll
0x00007ffb8d130000 - 0x00007ffb8d2c4000 	C:\WINDOWS\System32\USER32.dll
0x00007ffb8afc0000 - 0x00007ffb8afe1000 	C:\WINDOWS\System32\win32u.dll
0x00007ffb71d30000 - 0x00007ffb71fb4000 	C:\WINDOWS\WinSxS\amd64_microsoft.windows.common-controls_6595b64144ccf1df_6.0.18362.1556_none_9e7e372fe45e41d5\COMCTL32.dll
0x00007ffb8b650000 - 0x00007ffb8b676000 	C:\WINDOWS\System32\GDI32.dll
0x00007ffb8b900000 - 0x00007ffb8bc36000 	C:\WINDOWS\System32\combase.dll
0x00007ffb8b450000 - 0x00007ffb8b5e8000 	C:\WINDOWS\System32\gdi32full.dll
0x00007ffb8ad90000 - 0x00007ffb8ae2e000 	C:\WINDOWS\System32\msvcp_win.dll
0x00007ffb8af30000 - 0x00007ffb8afb1000 	C:\WINDOWS\System32\bcryptPrimitives.dll
0x00007ffb82330000 - 0x00007ffb8233a000 	C:\WINDOWS\SYSTEM32\VERSION.dll
0x00007ffb8b680000 - 0x00007ffb8b6ae000 	C:\WINDOWS\System32\IMM32.DLL
0x00007ffb86290000 - 0x00007ffb8629c000 	C:\Program Files\Java\jdk-19\bin\vcruntime140_1.dll
0x00007ffb4af50000 - 0x00007ffb4afde000 	C:\Program Files\Java\jdk-19\bin\msvcp140.dll
0x00007ffb113c0000 - 0x00007ffb12080000 	C:\Program Files\Java\jdk-19\bin\server\jvm.dll
0x00007ffb66060000 - 0x00007ffb66069000 	C:\WINDOWS\SYSTEM32\WSOCK32.dll
0x00007ffb87ad0000 - 0x00007ffb87af4000 	C:\WINDOWS\SYSTEM32\WINMM.dll
0x00007ffb8c780000 - 0x00007ffb8c7ef000 	C:\WINDOWS\System32\WS2_32.dll
0x00007ffb87aa0000 - 0x00007ffb87acd000 	C:\WINDOWS\SYSTEM32\winmmbase.dll
0x00007ffb8ae30000 - 0x00007ffb8ae7a000 	C:\WINDOWS\System32\cfgmgr32.dll
0x00007ffb8a4f0000 - 0x00007ffb8a501000 	C:\WINDOWS\System32\kernel.appcore.dll
0x00007ffb6d4a0000 - 0x00007ffb6d4aa000 	C:\Program Files\Java\jdk-19\bin\jimage.dll
0x00007ffb7f750000 - 0x00007ffb7f944000 	C:\WINDOWS\SYSTEM32\DBGHELP.DLL
0x00007ffb71360000 - 0x00007ffb7138a000 	C:\WINDOWS\SYSTEM32\dbgcore.DLL
0x00007ffb65a60000 - 0x00007ffb65a86000 	C:\Program Files\Java\jdk-19\bin\java.dll
0x00007ffb4dd10000 - 0x00007ffb4dde7000 	C:\Program Files\Java\jdk-19\bin\jsvml.dll
0x00007ffb8c080000 - 0x00007ffb8c767000 	C:\WINDOWS\System32\SHELL32.dll
0x00007ffb8d2d0000 - 0x00007ffb8d378000 	C:\WINDOWS\System32\shcore.dll
0x00007ffb8a510000 - 0x00007ffb8ac8b000 	C:\WINDOWS\System32\windows.storage.dll
0x00007ffb8a460000 - 0x00007ffb8a47e000 	C:\WINDOWS\System32\profapi.dll
0x00007ffb8a480000 - 0x00007ffb8a4ca000 	C:\WINDOWS\System32\powrprof.dll
0x00007ffb8a450000 - 0x00007ffb8a460000 	C:\WINDOWS\System32\UMPDC.dll
0x00007ffb8d380000 - 0x00007ffb8d3d2000 	C:\WINDOWS\System32\shlwapi.dll
0x00007ffb8b430000 - 0x00007ffb8b447000 	C:\WINDOWS\System32\cryptsp.dll
0x00007ffb6ca70000 - 0x00007ffb6ca83000 	C:\Program Files\Java\jdk-19\bin\net.dll
0x00007ffb80cd0000 - 0x00007ffb80dca000 	C:\WINDOWS\SYSTEM32\WINHTTP.dll
0x00007ffb89c30000 - 0x00007ffb89c97000 	C:\WINDOWS\system32\mswsock.dll
0x00007ffb66be0000 - 0x00007ffb66bf6000 	C:\Program Files\Java\jdk-19\bin\nio.dll
0x00007ffb5f520000 - 0x00007ffb5f538000 	C:\Program Files\Java\jdk-19\bin\zip.dll
0x0000000069ac0000 - 0x0000000069ae4000 	C:\Program Files\NetBeans-16\netbeans\java\maven\lib\jansi-native\Windows\x86_64\jansi.dll
0x00007ffb6d450000 - 0x00007ffb6d460000 	C:\Program Files\Java\jdk-19\bin\verify.dll

dbghelp: loaded successfully - version: 4.0.5 - missing functions: none
symbol engine: initialized successfully - sym options: 0x614 - pdb path: .;C:\Program Files\Java\jdk-19\bin;C:\WINDOWS\SYSTEM32;C:\WINDOWS\WinSxS\amd64_microsoft.windows.common-controls_6595b64144ccf1df_6.0.18362.1556_none_9e7e372fe45e41d5;C:\Program Files\Java\jdk-19\bin\server;C:\Program Files\NetBeans-16\netbeans\java\maven\lib\jansi-native\Windows\x86_64

VM Arguments:
jvm_args: -Dclassworlds.conf=C:\Program Files\NetBeans-16\netbeans\java\maven\bin\m2.conf -Dmaven.home=C:\Program Files\NetBeans-16\netbeans\java\maven -Dlibrary.jansi.path=C:\Program Files\NetBeans-16\netbeans\java\maven\lib\jansi-native -Dmaven.multiModuleProjectDirectory=C:\Users\37362\Documents\NetBeansProjects\Client_Gomoku 
java_command: org.codehaus.plexus.classworlds.launcher.Launcher -Dexec.vmArgs= -Dexec.args=${exec.vmArgs} -classpath %classpath ${exec.mainClass} ${exec.appArgs} -Dexec.appArgs= -Dexec.mainClass=com.mycompany.client_gomoku.Client_Gomoku -Dexec.executable=C:\Program Files\Java\jdk-19\bin\java.exe -Dmaven.ext.class.path=C:\Program Files\NetBeans-16\netbeans\java\maven-nblib\netbeans-eventspy.jar org.codehaus.mojo:exec-maven-plugin:3.0.0:exec
java_class_path (initial): C:\Program Files\NetBeans-16\netbeans\java\maven\boot\plexus-classworlds-2.6.0.jar
Launcher Type: SUN_STANDARD

[Global flags]
     intx CICompilerCount                          = 3                                         {product} {ergonomic}
     uint ConcGCThreads                            = 1                                         {product} {ergonomic}
     uint G1ConcRefinementThreads                  = 4                                         {product} {ergonomic}
   size_t G1HeapRegionSize                         = 1048576                                   {product} {ergonomic}
    uintx GCDrainStackTargetSize                   = 64                                        {product} {ergonomic}
   size_t InitialHeapSize                          = 134217728                                 {product} {ergonomic}
   size_t MarkStackSize                            = 4194304                                   {product} {ergonomic}
   size_t MaxHeapSize                              = 2116026368                                {product} {ergonomic}
   size_t MaxNewSize                               = 1268776960                                {product} {ergonomic}
   size_t MinHeapDeltaBytes                        = 1048576                                   {product} {ergonomic}
   size_t MinHeapSize                              = 8388608                                   {product} {ergonomic}
    uintx NonNMethodCodeHeapSize                   = 5832780                                {pd product} {ergonomic}
    uintx NonProfiledCodeHeapSize                  = 122912730                              {pd product} {ergonomic}
    uintx ProfiledCodeHeapSize                     = 122912730                              {pd product} {ergonomic}
    uintx ReservedCodeCacheSize                    = 251658240                              {pd product} {ergonomic}
     bool SegmentedCodeCache                       = true                                      {product} {ergonomic}
   size_t SoftMaxHeapSize                          = 2116026368                             {manageable} {ergonomic}
     bool UseCompressedClassPointers               = true                           {product lp64_product} {ergonomic}
     bool UseCompressedOops                        = true                           {product lp64_product} {ergonomic}
     bool UseG1GC                                  = true                                      {product} {ergonomic}
     bool UseLargePagesIndividualAllocation        = false                                  {pd product} {ergonomic}

Logging:
Log output configuration:
 #0: stdout all=warning uptime,level,tags foldmultilines=false
 #1: stderr all=off uptime,level,tags foldmultilines=false

Environment Variables:
JAVA_HOME=C:\Program Files\Java\jdk-19
PATH=C:\Program Files\Common Files\Oracle\Java\javapath;C:\oraclexe\app\oracle\product\11.2.0\server\bin;C:\WINDOWS\system32;C:\WINDOWS;C:\WINDOWS\System32\Wbem;C:\WINDOWS\System32\WindowsPowerShell\v1.0\;C:\WINDOWS\System32\OpenSSH\;C:\Program Files\PuTTY\;C:\Program Files\Git\cmd;C:\Users\37362\AppData\Local\Programs\Python\Python311\Scripts\;C:\Users\37362\AppData\Local\Programs\Python\Python311\;C:\Users\37362\AppData\Local\Microsoft\WindowsApps;C:\MinGW\bin;C:\Users\37362\AppData\Local\Programs\Microsoft VS Code\bin;C:\ghcup\bin
USERNAME=37362
OS=Windows_NT
PROCESSOR_IDENTIFIER=Intel64 Family 6 Model 61 Stepping 4, GenuineIntel
TMP=C:\Users\37362\AppData\Local\Temp
TEMP=C:\Users\37362\AppData\Local\Temp



---------------  S Y S T E M  ---------------

OS:
 Windows 10 , 64 bit Build 18362 (10.0.18362.1500)
OS uptime: 5 days 12:02 hours

CPU: total 4 (initial active 4) (2 cores per cpu, 2 threads per core) family 6 model 61 stepping 4 microcode 0x2f, cx8, cmov, fxsr, ht, mmx, 3dnowpref, sse, sse2, sse3, ssse3, sse4.1, sse4.2, popcnt, lzcnt, tsc, tscinvbit, avx, avx2, aes, erms, clmul, bmi1, bmi2, adx, fma, vzeroupper, clflush, rdtscp

Memory: 4k page, system-wide physical 8071M (2058M free)
TotalPageFile size 19354M (AvailPageFile size 1M)
current process WorkingSet (physical memory assigned to process): 53M, peak: 53M
current process commit charge ("private bytes"): 213M, peak: 213M

vm_info: Java HotSpot(TM) 64-Bit Server VM (19.0.2+7-44) for windows-amd64 JRE (19.0.2+7-44), built on 2022-11-30T18:02:09Z by "mach5one" with MS VC++ 17.1 (VS2022)

END.
